<?xml version="1.0" encoding="UTF-8"?>
<!-- Generated by org.testng.reporters.JUnitReportReporter -->
<testsuite hostname="ITWS13" failures="0" tests="5" name="vamsi.UserValidationTest" time="0.022" errors="0" timestamp="2023-11-07T14:30:15 IST" skipped="0">
  <testcase classname="vamsi.UserValidationTest" name="testCase2" time="0.001"/>
  <testcase classname="vamsi.UserValidationTest" name="testCase1" time="0.020"/>
  <testcase classname="vamsi.UserValidationTest" name="testCase5" time="0.001"/>
  <testcase classname="vamsi.UserValidationTest" name="testCase4" time="0.000"/>
  <testcase classname="vamsi.UserValidationTest" name="testCase3" time="0.000"/>
</testsuite> <!-- vamsi.UserValidationTest -->
